  Source.cpp
c:\users\sashk\source\repos\lab4\lab4\source.cpp(8): warning C4566: символ, представленный универсальным именем символа "\u0417", невозможно представить в текущей кодовой странице (1252)
c:\users\sashk\source\repos\lab4\lab4\source.cpp(8): warning C4566: символ, представленный универсальным именем символа "\u0430", невозможно представить в текущей кодовой странице (1252)
c:\users\sashk\source\repos\lab4\lab4\source.cpp(8): warning C4566: символ, представленный универсальным именем символа "\u0434", невозможно представить в текущей кодовой странице (1252)
c:\users\sashk\source\repos\lab4\lab4\source.cpp(8): warning C4566: символ, представленный универсальным именем символа "\u043D", невозможно представить в текущей кодовой странице (1252)
c:\users\sashk\source\repos\lab4\lab4\source.cpp(8): warning C4566: символ, представленный универсальным именем символа "\u0438", невозможно представить в текущей кодовой странице (1252)
c:\users\sashk\source\repos\lab4\lab4\source.cpp(8): warning C4566: символ, представленный универсальным именем символа "\u0435", невозможно представить в текущей кодовой странице (1252)
c:\users\sashk\source\repos\lab4\lab4\source.cpp(9): warning C4566: символ, представленный универсальным именем символа "\u0410", невозможно представить в текущей кодовой странице (1252)
c:\users\sashk\source\repos\lab4\lab4\source.cpp(9): warning C4566: символ, представленный универсальным именем символа "\u0434", невозможно представить в текущей кодовой странице (1252)
c:\users\sashk\source\repos\lab4\lab4\source.cpp(9): warning C4566: символ, представленный универсальным именем символа "\u0440", невозможно представить в текущей кодовой странице (1252)
c:\users\sashk\source\repos\lab4\lab4\source.cpp(9): warning C4566: символ, представленный универсальным именем символа "\u0435", невозможно представить в текущей кодовой странице (1252)
c:\users\sashk\source\repos\lab4\lab4\source.cpp(9): warning C4566: символ, представленный универсальным именем символа "\u0441", невозможно представить в текущей кодовой странице (1252)
c:\users\sashk\source\repos\lab4\lab4\source.cpp(9): warning C4566: символ, представленный универсальным именем символа "\u0437", невозможно представить в текущей кодовой странице (1252)
c:\users\sashk\source\repos\lab4\lab4\source.cpp(9): warning C4566: символ, представленный универсальным именем символа "\u043D", невозможно представить в текущей кодовой странице (1252)
c:\users\sashk\source\repos\lab4\lab4\source.cpp(9): warning C4566: символ, представленный универсальным именем символа "\u0430", невозможно представить в текущей кодовой странице (1252)
c:\users\sashk\source\repos\lab4\lab4\source.cpp(9): warning C4566: символ, представленный универсальным именем символа "\u0447", невозможно представить в текущей кодовой странице (1252)
c:\users\sashk\source\repos\lab4\lab4\source.cpp(9): warning C4566: символ, представленный универсальным именем символа "\u0438", невозможно представить в текущей кодовой странице (1252)
c:\users\sashk\source\repos\lab4\lab4\source.cpp(11): warning C4566: символ, представленный универсальным именем символа "\u041D", невозможно представить в текущей кодовой странице (1252)
c:\users\sashk\source\repos\lab4\lab4\source.cpp(11): warning C4566: символ, представленный универсальным именем символа "\u043E", невозможно представить в текущей кодовой странице (1252)
c:\users\sashk\source\repos\lab4\lab4\source.cpp(11): warning C4566: символ, представленный универсальным именем символа "\u0432", невозможно представить в текущей кодовой странице (1252)
c:\users\sashk\source\repos\lab4\lab4\source.cpp(11): warning C4566: символ, представленный универсальным именем символа "\u0435", невозможно представить в текущей кодовой странице (1252)
c:\users\sashk\source\repos\lab4\lab4\source.cpp(11): warning C4566: символ, представленный универсальным именем символа "\u0437", невозможно представить в текущей кодовой странице (1252)
c:\users\sashk\source\repos\lab4\lab4\source.cpp(11): warning C4566: символ, представленный универсальным именем символа "\u043D", невозможно представить в текущей кодовой странице (1252)
c:\users\sashk\source\repos\lab4\lab4\source.cpp(11): warning C4566: символ, представленный универсальным именем символа "\u0430", невозможно представить в текущей кодовой странице (1252)
c:\users\sashk\source\repos\lab4\lab4\source.cpp(11): warning C4566: символ, представленный универсальным именем символа "\u0447", невозможно представить в текущей кодовой странице (1252)
c:\users\sashk\source\repos\lab4\lab4\source.cpp(11): warning C4566: символ, представленный универсальным именем символа "\u0438", невозможно представить в текущей кодовой странице (1252)
c:\users\sashk\source\repos\lab4\lab4\source.cpp(14): warning C4566: символ, представленный универсальным именем символа "\u0423", невозможно представить в текущей кодовой странице (1252)
c:\users\sashk\source\repos\lab4\lab4\source.cpp(14): warning C4566: символ, представленный универсальным именем символа "\u043A", невозможно представить в текущей кодовой странице (1252)
c:\users\sashk\source\repos\lab4\lab4\source.cpp(14): warning C4566: символ, представленный универсальным именем символа "\u0430", невозможно представить в текущей кодовой странице (1252)
c:\users\sashk\source\repos\lab4\lab4\source.cpp(14): warning C4566: символ, представленный универсальным именем символа "\u0437", невозможно представить в текущей кодовой странице (1252)
c:\users\sashk\source\repos\lab4\lab4\source.cpp(14): warning C4566: символ, представленный универсальным именем символа "\u0442", невозможно представить в текущей кодовой странице (1252)
c:\users\sashk\source\repos\lab4\lab4\source.cpp(14): warning C4566: символ, представленный универсальным именем символа "\u0435", невозможно представить в текущей кодовой странице (1252)
c:\users\sashk\source\repos\lab4\lab4\source.cpp(14): warning C4566: символ, представленный универсальным именем символа "\u043B", невозможно представить в текущей кодовой странице (1252)
c:\users\sashk\source\repos\lab4\lab4\source.cpp(14): warning C4566: символ, представленный универсальным именем символа "\u044C", невозможно представить в текущей кодовой странице (1252)
c:\users\sashk\source\repos\lab4\lab4\source.cpp(14): warning C4566: символ, представленный универсальным именем символа "\u043F", невозможно представить в текущей кодовой странице (1252)
c:\users\sashk\source\repos\lab4\lab4\source.cpp(14): warning C4566: символ, представленный универсальным именем символа "\u0443", невозможно представить в текущей кодовой странице (1252)
c:\users\sashk\source\repos\lab4\lab4\source.cpp(14): warning C4566: символ, представленный универсальным именем символа "\u0441", невозможно представить в текущей кодовой странице (1252)
c:\users\sashk\source\repos\lab4\lab4\source.cpp(14): warning C4566: символ, представленный универсальным именем символа "\u043E", невозможно представить в текущей кодовой странице (1252)
c:\users\sashk\source\repos\lab4\lab4\source.cpp(14): warning C4566: символ, представленный универсальным именем символа "\u0439", невозможно представить в текущей кодовой странице (1252)
c:\users\sashk\source\repos\lab4\lab4\source.cpp(20): warning C4566: символ, представленный универсальным именем символа "\u0417", невозможно представить в текущей кодовой странице (1252)
c:\users\sashk\source\repos\lab4\lab4\source.cpp(20): warning C4566: символ, представленный универсальным именем символа "\u0430", невозможно представить в текущей кодовой странице (1252)
c:\users\sashk\source\repos\lab4\lab4\source.cpp(20): warning C4566: символ, представленный универсальным именем символа "\u0434", невозможно представить в текущей кодовой странице (1252)
c:\users\sashk\source\repos\lab4\lab4\source.cpp(20): warning C4566: символ, представленный универсальным именем символа "\u043D", невозможно представить в текущей кодовой странице (1252)
c:\users\sashk\source\repos\lab4\lab4\source.cpp(20): warning C4566: символ, представленный универсальным именем символа "\u0438", невозможно представить в текущей кодовой странице (1252)
c:\users\sashk\source\repos\lab4\lab4\source.cpp(20): warning C4566: символ, представленный универсальным именем символа "\u0435", невозможно представить в текущей кодовой странице (1252)
c:\users\sashk\source\repos\lab4\lab4\source.cpp(21): warning C4566: символ, представленный универсальным именем символа "\u0412", невозможно представить в текущей кодовой странице (1252)
c:\users\sashk\source\repos\lab4\lab4\source.cpp(21): warning C4566: символ, представленный универсальным именем символа "\u0432", невозможно представить в текущей кодовой странице (1252)
c:\users\sashk\source\repos\lab4\lab4\source.cpp(21): warning C4566: символ, представленный универсальным именем символа "\u0435", невозможно представить в текущей кодовой странице (1252)
c:\users\sashk\source\repos\lab4\lab4\source.cpp(21): warning C4566: символ, представленный универсальным именем символа "\u0434", невозможно представить в текущей кодовой странице (1252)
c:\users\sashk\source\repos\lab4\lab4\source.cpp(21): warning C4566: символ, представленный универсальным именем символа "\u0438", невозможно представить в текущей кодовой странице (1252)
c:\users\sashk\source\repos\lab4\lab4\source.cpp(21): warning C4566: символ, представленный универсальным именем символа "\u0442", невозможно представить в текущей кодовой странице (1252)
c:\users\sashk\source\repos\lab4\lab4\source.cpp(21): warning C4566: символ, представленный универсальным именем символа "\u0447", невозможно представить в текущей кодовой странице (1252)
c:\users\sashk\source\repos\lab4\lab4\source.cpp(21): warning C4566: символ, представленный универсальным именем символа "\u0441", невозможно представить в текущей кодовой странице (1252)
c:\users\sashk\source\repos\lab4\lab4\source.cpp(21): warning C4566: символ, представленный универсальным именем символа "\u043B", невозможно представить в текущей кодовой странице (1252)
c:\users\sashk\source\repos\lab4\lab4\source.cpp(21): warning C4566: символ, представленный универсальным именем символа "\u043E", невозможно представить в текущей кодовой странице (1252)
c:\users\sashk\source\repos\lab4\lab4\source.cpp(23): warning C4566: символ, представленный универсальным именем символа "\u0410", невозможно представить в текущей кодовой странице (1252)
c:\users\sashk\source\repos\lab4\lab4\source.cpp(23): warning C4566: символ, представленный универсальным именем символа "\u0434", невозможно представить в текущей кодовой странице (1252)
c:\users\sashk\source\repos\lab4\lab4\source.cpp(23): warning C4566: символ, представленный универсальным именем символа "\u0440", невозможно представить в текущей кодовой странице (1252)
c:\users\sashk\source\repos\lab4\lab4\source.cpp(23): warning C4566: символ, представленный универсальным именем символа "\u0435", невозможно представить в текущей кодовой странице (1252)
c:\users\sashk\source\repos\lab4\lab4\source.cpp(23): warning C4566: символ, представленный универсальным именем символа "\u0441", невозможно представить в текущей кодовой странице (1252)
c:\users\sashk\source\repos\lab4\lab4\source.cpp(23): warning C4566: символ, представленный универсальным именем символа "\u0417", невозможно представить в текущей кодовой странице (1252)
c:\users\sashk\source\repos\lab4\lab4\source.cpp(23): warning C4566: символ, представленный универсальным именем символа "\u043D", невозможно представить в текущей кодовой странице (1252)
c:\users\sashk\source\repos\lab4\lab4\source.cpp(23): warning C4566: символ, представленный универсальным именем символа "\u0430", невозможно представить в текущей кодовой странице (1252)
c:\users\sashk\source\repos\lab4\lab4\source.cpp(23): warning C4566: символ, представленный универсальным именем символа "\u0447", невозможно представить в текущей кодовой странице (1252)
c:\users\sashk\source\repos\lab4\lab4\source.cpp(23): warning C4566: символ, представленный универсальным именем символа "\u0438", невозможно представить в текущей кодовой странице (1252)
c:\users\sashk\source\repos\lab4\lab4\source.cpp(25): warning C4566: символ, представленный универсальным именем символа "\u0410", невозможно представить в текущей кодовой странице (1252)
c:\users\sashk\source\repos\lab4\lab4\source.cpp(25): warning C4566: символ, представленный универсальным именем символа "\u0434", невозможно представить в текущей кодовой странице (1252)
c:\users\sashk\source\repos\lab4\lab4\source.cpp(25): warning C4566: символ, представленный универсальным именем символа "\u0440", невозможно представить в текущей кодовой странице (1252)
c:\users\sashk\source\repos\lab4\lab4\source.cpp(25): warning C4566: символ, представленный универсальным именем символа "\u0435", невозможно представить в текущей кодовой странице (1252)
c:\users\sashk\source\repos\lab4\lab4\source.cpp(25): warning C4566: символ, представленный универсальным именем символа "\u0441", невозможно представить в текущей кодовой странице (1252)
c:\users\sashk\source\repos\lab4\lab4\source.cpp(25): warning C4566: символ, представленный универсальным именем символа "\u0417", невозможно представить в текущей кодовой странице (1252)
c:\users\sashk\source\repos\lab4\lab4\source.cpp(25): warning C4566: символ, представленный универсальным именем символа "\u043D", невозможно представить в текущей кодовой странице (1252)
c:\users\sashk\source\repos\lab4\lab4\source.cpp(25): warning C4566: символ, представленный универсальным именем символа "\u0430", невозможно представить в текущей кодовой странице (1252)
c:\users\sashk\source\repos\lab4\lab4\source.cpp(25): warning C4566: символ, представленный универсальным именем символа "\u0447", невозможно представить в текущей кодовой странице (1252)
c:\users\sashk\source\repos\lab4\lab4\source.cpp(25): warning C4566: символ, представленный универсальным именем символа "\u0438", невозможно представить в текущей кодовой странице (1252)
c:\users\sashk\source\repos\lab4\lab4\source.cpp(30): warning C4566: символ, представленный универсальным именем символа "\u0417", невозможно представить в текущей кодовой странице (1252)
c:\users\sashk\source\repos\lab4\lab4\source.cpp(30): warning C4566: символ, представленный универсальным именем символа "\u0430", невозможно представить в текущей кодовой странице (1252)
c:\users\sashk\source\repos\lab4\lab4\source.cpp(30): warning C4566: символ, представленный универсальным именем символа "\u0434", невозможно представить в текущей кодовой странице (1252)
c:\users\sashk\source\repos\lab4\lab4\source.cpp(30): warning C4566: символ, представленный универсальным именем символа "\u043D", невозможно представить в текущей кодовой странице (1252)
c:\users\sashk\source\repos\lab4\lab4\source.cpp(30): warning C4566: символ, представленный универсальным именем символа "\u0438", невозможно представить в текущей кодовой странице (1252)
c:\users\sashk\source\repos\lab4\lab4\source.cpp(30): warning C4566: символ, представленный универсальным именем символа "\u0435", невозможно представить в текущей кодовой странице (1252)
c:\users\sashk\source\repos\lab4\lab4\source.cpp(33): warning C4566: символ, представленный универсальным именем символа "\u0412", невозможно представить в текущей кодовой странице (1252)
c:\users\sashk\source\repos\lab4\lab4\source.cpp(33): warning C4566: символ, представленный универсальным именем символа "\u0432", невозможно представить в текущей кодовой странице (1252)
c:\users\sashk\source\repos\lab4\lab4\source.cpp(33): warning C4566: символ, представленный универсальным именем символа "\u0435", невозможно представить в текущей кодовой странице (1252)
c:\users\sashk\source\repos\lab4\lab4\source.cpp(33): warning C4566: символ, представленный универсальным именем символа "\u0434", невозможно представить в текущей кодовой странице (1252)
c:\users\sashk\source\repos\lab4\lab4\source.cpp(33): warning C4566: символ, представленный универсальным именем символа "\u0438", невозможно представить в текущей кодовой странице (1252)
c:\users\sashk\source\repos\lab4\lab4\source.cpp(33): warning C4566: символ, представленный универсальным именем символа "\u0442", невозможно представить в текущей кодовой странице (1252)
c:\users\sashk\source\repos\lab4\lab4\source.cpp(33): warning C4566: символ, представленный универсальным именем символа "\u0447", невозможно представить в текущей кодовой странице (1252)
c:\users\sashk\source\repos\lab4\lab4\source.cpp(33): warning C4566: символ, представленный универсальным именем символа "\u0441", невозможно представить в текущей кодовой странице (1252)
c:\users\sashk\source\repos\lab4\lab4\source.cpp(33): warning C4566: символ, представленный универсальным именем символа "\u043B", невозможно представить в текущей кодовой странице (1252)
c:\users\sashk\source\repos\lab4\lab4\source.cpp(33): warning C4566: символ, представленный универсальным именем символа "\u043E", невозможно представить в текущей кодовой странице (1252)
c:\users\sashk\source\repos\lab4\lab4\source.cpp(36): warning C4566: символ, представленный универсальным именем символа "\u0410", невозможно представить в текущей кодовой странице (1252)
c:\users\sashk\source\repos\lab4\lab4\source.cpp(36): warning C4566: символ, представленный универсальным именем символа "\u0434", невозможно представить в текущей кодовой странице (1252)
c:\users\sashk\source\repos\lab4\lab4\source.cpp(36): warning C4566: символ, представленный универсальным именем символа "\u0440", невозможно представить в текущей кодовой странице (1252)
c:\users\sashk\source\repos\lab4\lab4\source.cpp(36): warning C4566: символ, представленный универсальным именем символа "\u0435", невозможно представить в текущей кодовой странице (1252)
c:\users\sashk\source\repos\lab4\lab4\source.cpp(36): warning C4566: символ, представленный универсальным именем символа "\u0441", невозможно представить в текущей кодовой странице (1252)
c:\users\sashk\source\repos\lab4\lab4\source.cpp(36): warning C4566: символ, представленный универсальным именем символа "\u0417", невозможно представить в текущей кодовой странице (1252)
c:\users\sashk\source\repos\lab4\lab4\source.cpp(36): warning C4566: символ, представленный универсальным именем символа "\u043D", невозможно представить в текущей кодовой странице (1252)
c:\users\sashk\source\repos\lab4\lab4\source.cpp(36): warning C4566: символ, представленный универсальным именем символа "\u0430", невозможно представить в текущей кодовой странице (1252)
c:\users\sashk\source\repos\lab4\lab4\source.cpp(36): warning C4566: символ, представленный универсальным именем символа "\u0447", невозможно представить в текущей кодовой странице (1252)
c:\users\sashk\source\repos\lab4\lab4\source.cpp(36): warning C4566: символ, представленный универсальным именем символа "\u0438", невозможно представить в текущей кодовой странице (1252)
c:\users\sashk\source\repos\lab4\lab4\source.cpp(38): warning C4566: символ, представленный универсальным именем символа "\u0410", невозможно представить в текущей кодовой странице (1252)
c:\users\sashk\source\repos\lab4\lab4\source.cpp(38): warning C4566: символ, представленный универсальным именем символа "\u0434", невозможно представить в текущей кодовой странице (1252)
c:\users\sashk\source\repos\lab4\lab4\source.cpp(38): warning C4566: символ, представленный универсальным именем символа "\u0440", невозможно представить в текущей кодовой странице (1252)
c:\users\sashk\source\repos\lab4\lab4\source.cpp(38): warning C4566: символ, представленный универсальным именем символа "\u0435", невозможно представить в текущей кодовой странице (1252)
c:\users\sashk\source\repos\lab4\lab4\source.cpp(38): warning C4566: символ, представленный универсальным именем символа "\u0441", невозможно представить в текущей кодовой странице (1252)
c:\users\sashk\source\repos\lab4\lab4\source.cpp(38): warning C4566: символ, представленный универсальным именем символа "\u0417", невозможно представить в текущей кодовой странице (1252)
c:\users\sashk\source\repos\lab4\lab4\source.cpp(38): warning C4566: символ, представленный универсальным именем символа "\u043D", невозможно представить в текущей кодовой странице (1252)
c:\users\sashk\source\repos\lab4\lab4\source.cpp(38): warning C4566: символ, представленный универсальным именем символа "\u0430", невозможно представить в текущей кодовой странице (1252)
c:\users\sashk\source\repos\lab4\lab4\source.cpp(38): warning C4566: символ, представленный универсальным именем символа "\u0447", невозможно представить в текущей кодовой странице (1252)
c:\users\sashk\source\repos\lab4\lab4\source.cpp(38): warning C4566: символ, представленный универсальным именем символа "\u0438", невозможно представить в текущей кодовой странице (1252)
c:\users\sashk\source\repos\lab4\lab4\source.cpp(50): error C4996: 'scanf': This function or variable may be unsafe. Consider using scanf_s instead. To disable deprecation, use _CRT_SECURE_NO_WARNINGS. See online help for details.
  c:\program files (x86)\windows kits\10\include\10.0.16299.0\ucrt\stdio.h(1272): note:  см. объявление "scanf"
c:\users\sashk\source\repos\lab4\lab4\source.cpp(72): error C2065: m1: необъявленный идентификатор
c:\users\sashk\source\repos\lab4\lab4\source.cpp(77): error C2601: task7: недопустимые локальные определения функций
  c:\users\sashk\source\repos\lab4\lab4\source.cpp(66): note: эта строка содержит скобку "{", которая пока не имеет парной
c:\users\sashk\source\repos\lab4\lab4\source.cpp(88): error C2601: task8: недопустимые локальные определения функций
  c:\users\sashk\source\repos\lab4\lab4\source.cpp(66): note: эта строка содержит скобку "{", которая пока не имеет парной
c:\users\sashk\source\repos\lab4\lab4\source.cpp(90): warning C4566: символ, представленный универсальным именем символа "\u0412", невозможно представить в текущей кодовой странице (1252)
c:\users\sashk\source\repos\lab4\lab4\source.cpp(90): warning C4566: символ, представленный универсальным именем символа "\u0432", невозможно представить в текущей кодовой странице (1252)
c:\users\sashk\source\repos\lab4\lab4\source.cpp(90): warning C4566: символ, представленный универсальным именем символа "\u0435", невозможно представить в текущей кодовой странице (1252)
c:\users\sashk\source\repos\lab4\lab4\source.cpp(90): warning C4566: символ, представленный универсальным именем символа "\u0434", невозможно представить в текущей кодовой странице (1252)
c:\users\sashk\source\repos\lab4\lab4\source.cpp(90): warning C4566: символ, представленный универсальным именем символа "\u0438", невозможно представить в текущей кодовой странице (1252)
c:\users\sashk\source\repos\lab4\lab4\source.cpp(90): warning C4566: символ, представленный универсальным именем символа "\u0442", невозможно представить в текущей кодовой странице (1252)
c:\users\sashk\source\repos\lab4\lab4\source.cpp(90): warning C4566: символ, представленный универсальным именем символа "\u0440", невозможно представить в текущей кодовой странице (1252)
c:\users\sashk\source\repos\lab4\lab4\source.cpp(90): warning C4566: символ, представленный универсальным именем символа "\u0430", невозможно представить в текущей кодовой странице (1252)
c:\users\sashk\source\repos\lab4\lab4\source.cpp(90): warning C4566: символ, представленный универсальным именем символа "\u0437", невозможно представить в текущей кодовой странице (1252)
c:\users\sashk\source\repos\lab4\lab4\source.cpp(90): warning C4566: символ, представленный универсальным именем символа "\u043C", невозможно представить в текущей кодовой странице (1252)
c:\users\sashk\source\repos\lab4\lab4\source.cpp(90): warning C4566: символ, представленный универсальным именем символа "\u0441", невозможно представить в текущей кодовой странице (1252)
c:\users\sashk\source\repos\lab4\lab4\source.cpp(111): error C2601: main: недопустимые локальные определения функций
  c:\users\sashk\source\repos\lab4\lab4\source.cpp(66): note: эта строка содержит скобку "{", которая пока не имеет парной
c:\users\sashk\source\repos\lab4\lab4\source.cpp(117): warning C4566: символ, представленный универсальным именем символа "\u0417", невозможно представить в текущей кодовой странице (1252)
c:\users\sashk\source\repos\lab4\lab4\source.cpp(117): warning C4566: символ, представленный универсальным именем символа "\u0430", невозможно представить в текущей кодовой странице (1252)
c:\users\sashk\source\repos\lab4\lab4\source.cpp(117): warning C4566: символ, представленный универсальным именем символа "\u0434", невозможно представить в текущей кодовой странице (1252)
c:\users\sashk\source\repos\lab4\lab4\source.cpp(117): warning C4566: символ, представленный универсальным именем символа "\u043D", невозможно представить в текущей кодовой странице (1252)
c:\users\sashk\source\repos\lab4\lab4\source.cpp(117): warning C4566: символ, представленный универсальным именем символа "\u0438", невозможно представить в текущей кодовой странице (1252)
c:\users\sashk\source\repos\lab4\lab4\source.cpp(117): warning C4566: символ, представленный универсальным именем символа "\u0435", невозможно представить в текущей кодовой странице (1252)
c:\users\sashk\source\repos\lab4\lab4\source.cpp(118): warning C4566: символ, представленный универсальным именем символа "\u0417", невозможно представить в текущей кодовой странице (1252)
c:\users\sashk\source\repos\lab4\lab4\source.cpp(118): warning C4566: символ, представленный универсальным именем символа "\u0430", невозможно представить в текущей кодовой странице (1252)
c:\users\sashk\source\repos\lab4\lab4\source.cpp(118): warning C4566: символ, представленный универсальным именем символа "\u0434", невозможно представить в текущей кодовой странице (1252)
c:\users\sashk\source\repos\lab4\lab4\source.cpp(118): warning C4566: символ, представленный универсальным именем символа "\u043D", невозможно представить в текущей кодовой странице (1252)
c:\users\sashk\source\repos\lab4\lab4\source.cpp(118): warning C4566: символ, представленный универсальным именем символа "\u0438", невозможно представить в текущей кодовой странице (1252)
c:\users\sashk\source\repos\lab4\lab4\source.cpp(118): warning C4566: символ, представленный универсальным именем символа "\u0435", невозможно представить в текущей кодовой странице (1252)
c:\users\sashk\source\repos\lab4\lab4\source.cpp(119): warning C4566: символ, представленный универсальным именем символа "\u0417", невозможно представить в текущей кодовой странице (1252)
c:\users\sashk\source\repos\lab4\lab4\source.cpp(119): warning C4566: символ, представленный универсальным именем символа "\u0430", невозможно представить в текущей кодовой странице (1252)
c:\users\sashk\source\repos\lab4\lab4\source.cpp(119): warning C4566: символ, представленный универсальным именем символа "\u0434", невозможно представить в текущей кодовой странице (1252)
c:\users\sashk\source\repos\lab4\lab4\source.cpp(119): warning C4566: символ, представленный универсальным именем символа "\u043D", невозможно представить в текущей кодовой странице (1252)
c:\users\sashk\source\repos\lab4\lab4\source.cpp(119): warning C4566: символ, представленный универсальным именем символа "\u0438", невозможно представить в текущей кодовой странице (1252)
c:\users\sashk\source\repos\lab4\lab4\source.cpp(119): warning C4566: символ, представленный универсальным именем символа "\u0435", невозможно представить в текущей кодовой странице (1252)
c:\users\sashk\source\repos\lab4\lab4\source.cpp(120): warning C4566: символ, представленный универсальным именем символа "\u0417", невозможно представить в текущей кодовой странице (1252)
c:\users\sashk\source\repos\lab4\lab4\source.cpp(120): warning C4566: символ, представленный универсальным именем символа "\u0430", невозможно представить в текущей кодовой странице (1252)
c:\users\sashk\source\repos\lab4\lab4\source.cpp(120): warning C4566: символ, представленный универсальным именем символа "\u0434", невозможно представить в текущей кодовой странице (1252)
c:\users\sashk\source\repos\lab4\lab4\source.cpp(120): warning C4566: символ, представленный универсальным именем символа "\u043D", невозможно представить в текущей кодовой странице (1252)
c:\users\sashk\source\repos\lab4\lab4\source.cpp(120): warning C4566: символ, представленный универсальным именем символа "\u0438", невозможно представить в текущей кодовой странице (1252)
c:\users\sashk\source\repos\lab4\lab4\source.cpp(120): warning C4566: символ, представленный универсальным именем символа "\u0435", невозможно представить в текущей кодовой странице (1252)
c:\users\sashk\source\repos\lab4\lab4\source.cpp(121): warning C4566: символ, представленный универсальным именем символа "\u0412", невозможно представить в текущей кодовой странице (1252)
c:\users\sashk\source\repos\lab4\lab4\source.cpp(121): warning C4566: символ, представленный универсальным именем символа "\u044B", невозможно представить в текущей кодовой странице (1252)
c:\users\sashk\source\repos\lab4\lab4\source.cpp(121): warning C4566: символ, представленный универсальным именем символа "\u0445", невозможно представить в текущей кодовой странице (1252)
c:\users\sashk\source\repos\lab4\lab4\source.cpp(121): warning C4566: символ, представленный универсальным именем символа "\u043E", невозможно представить в текущей кодовой странице (1252)
c:\users\sashk\source\repos\lab4\lab4\source.cpp(121): warning C4566: символ, представленный универсальным именем символа "\u0434", невозможно представить в текущей кодовой странице (1252)
c:\users\sashk\source\repos\lab4\lab4\source.cpp(122): warning C4566: символ, представленный универсальным именем символа "\u0412", невозможно представить в текущей кодовой странице (1252)
c:\users\sashk\source\repos\lab4\lab4\source.cpp(122): warning C4566: символ, представленный универсальным именем символа "\u044B", невозможно представить в текущей кодовой странице (1252)
c:\users\sashk\source\repos\lab4\lab4\source.cpp(122): warning C4566: символ, представленный универсальным именем символа "\u0431", невозможно представить в текущей кодовой странице (1252)
c:\users\sashk\source\repos\lab4\lab4\source.cpp(122): warning C4566: символ, представленный универсальным именем символа "\u0435", невозможно представить в текущей кодовой странице (1252)
c:\users\sashk\source\repos\lab4\lab4\source.cpp(122): warning C4566: символ, представленный универсальным именем символа "\u0440", невозможно представить в текущей кодовой странице (1252)
c:\users\sashk\source\repos\lab4\lab4\source.cpp(122): warning C4566: символ, представленный универсальным именем символа "\u0438", невозможно представить в текущей кодовой странице (1252)
c:\users\sashk\source\repos\lab4\lab4\source.cpp(122): warning C4566: символ, представленный универсальным именем символа "\u0442", невозможно представить в текущей кодовой странице (1252)
c:\users\sashk\source\repos\lab4\lab4\source.cpp(122): warning C4566: символ, представленный универсальным именем символа "\u0437", невозможно представить в текущей кодовой странице (1252)
c:\users\sashk\source\repos\lab4\lab4\source.cpp(122): warning C4566: символ, представленный универсальным именем символа "\u0430", невозможно представить в текущей кодовой странице (1252)
c:\users\sashk\source\repos\lab4\lab4\source.cpp(122): warning C4566: символ, представленный универсальным именем символа "\u0434", невозможно представить в текущей кодовой странице (1252)
c:\users\sashk\source\repos\lab4\lab4\source.cpp(122): warning C4566: символ, представленный универсальным именем символа "\u043D", невозможно представить в текущей кодовой странице (1252)
c:\users\sashk\source\repos\lab4\lab4\source.cpp(128): warning C4566: символ, представленный универсальным именем символа "\u0427", невозможно представить в текущей кодовой странице (1252)
c:\users\sashk\source\repos\lab4\lab4\source.cpp(128): warning C4566: символ, представленный универсальным именем символа "\u0438", невозможно представить в текущей кодовой странице (1252)
c:\users\sashk\source\repos\lab4\lab4\source.cpp(128): warning C4566: символ, представленный универсальным именем символа "\u0441", невозможно представить в текущей кодовой странице (1252)
c:\users\sashk\source\repos\lab4\lab4\source.cpp(128): warning C4566: символ, представленный универсальным именем символа "\u043B", невозможно представить в текущей кодовой странице (1252)
c:\users\sashk\source\repos\lab4\lab4\source.cpp(128): warning C4566: символ, представленный универсальным именем символа "\u043E", невозможно представить в текущей кодовой странице (1252)
c:\users\sashk\source\repos\lab4\lab4\source.cpp(128): warning C4566: символ, представленный универсальным именем символа "\u0432", невозможно представить в текущей кодовой странице (1252)
c:\users\sashk\source\repos\lab4\lab4\source.cpp(128): warning C4566: символ, представленный универсальным именем символа "\u0442", невозможно представить в текущей кодовой странице (1252)
c:\users\sashk\source\repos\lab4\lab4\source.cpp(128): warning C4566: символ, представленный универсальным именем символа "\u0435", невозможно представить в текущей кодовой странице (1252)
c:\users\sashk\source\repos\lab4\lab4\source.cpp(128): warning C4566: символ, представленный универсальным именем символа "\u043A", невозможно представить в текущей кодовой странице (1252)
c:\users\sashk\source\repos\lab4\lab4\source.cpp(134): warning C4566: символ, представленный универсальным именем символа "\u0427", невозможно представить в текущей кодовой странице (1252)
c:\users\sashk\source\repos\lab4\lab4\source.cpp(134): warning C4566: символ, представленный универсальным именем символа "\u0438", невозможно представить в текущей кодовой странице (1252)
c:\users\sashk\source\repos\lab4\lab4\source.cpp(134): warning C4566: символ, представленный универсальным именем символа "\u0441", невозможно представить в текущей кодовой странице (1252)
c:\users\sashk\source\repos\lab4\lab4\source.cpp(134): warning C4566: символ, представленный универсальным именем символа "\u043B", невозможно представить в текущей кодовой странице (1252)
c:\users\sashk\source\repos\lab4\lab4\source.cpp(134): warning C4566: символ, представленный универсальным именем символа "\u043E", невозможно представить в текущей кодовой странице (1252)
c:\users\sashk\source\repos\lab4\lab4\source.cpp(134): warning C4566: символ, представленный универсальным именем символа "\u0432", невозможно представить в текущей кодовой странице (1252)
c:\users\sashk\source\repos\lab4\lab4\source.cpp(134): warning C4566: символ, представленный универсальным именем символа "\u0434", невозможно представить в текущей кодовой странице (1252)
c:\users\sashk\source\repos\lab4\lab4\source.cpp(134): warning C4566: символ, представленный универсальным именем символа "\u043D", невозможно представить в текущей кодовой странице (1252)
c:\users\sashk\source\repos\lab4\lab4\source.cpp(134): warning C4566: символ, представленный универсальным именем символа "\u0430", невозможно представить в текущей кодовой странице (1252)
c:\users\sashk\source\repos\lab4\lab4\source.cpp(134): warning C4566: символ, представленный универсальным именем символа "\u043C", невозможно представить в текущей кодовой странице (1252)
c:\users\sashk\source\repos\lab4\lab4\source.cpp(134): warning C4566: символ, представленный универсальным именем символа "\u0447", невозможно представить в текущей кодовой странице (1252)
c:\users\sashk\source\repos\lab4\lab4\source.cpp(134): warning C4566: символ, представленный универсальным именем символа "\u0435", невозможно представить в текущей кодовой странице (1252)
c:\users\sashk\source\repos\lab4\lab4\source.cpp(134): warning C4566: символ, представленный универсальным именем символа "\u043A", невозможно представить в текущей кодовой странице (1252)
c:\users\sashk\source\repos\lab4\lab4\source.cpp(134): warning C4566: символ, представленный универсальным именем символа "\u0439", невозможно представить в текущей кодовой странице (1252)
c:\users\sashk\source\repos\lab4\lab4\source.cpp(134): warning C4566: символ, представленный универсальным именем символа "\u043F", невозможно представить в текущей кодовой странице (1252)
c:\users\sashk\source\repos\lab4\lab4\source.cpp(134): warning C4566: символ, представленный универсальным именем символа "\u044F", невозможно представить в текущей кодовой странице (1252)
c:\users\sashk\source\repos\lab4\lab4\source.cpp(134): warning C4566: символ, представленный универсальным именем символа "\u0442", невозможно представить в текущей кодовой странице (1252)
c:\users\sashk\source\repos\lab4\lab4\source.cpp(140): warning C4566: символ, представленный универсальным именем символа "\u041C", невозможно представить в текущей кодовой странице (1252)
c:\users\sashk\source\repos\lab4\lab4\source.cpp(140): warning C4566: символ, представленный универсальным именем символа "\u0430", невозможно представить в текущей кодовой странице (1252)
c:\users\sashk\source\repos\lab4\lab4\source.cpp(140): warning C4566: символ, представленный универсальным именем символа "\u0441", невозможно представить в текущей кодовой странице (1252)
c:\users\sashk\source\repos\lab4\lab4\source.cpp(140): warning C4566: символ, представленный универсальным именем символа "\u0438", невозможно представить в текущей кодовой странице (1252)
c:\users\sashk\source\repos\lab4\lab4\source.cpp(140): warning C4566: символ, представленный универсальным именем символа "\u0432", невозможно представить в текущей кодовой странице (1252)
c:\users\sashk\source\repos\lab4\lab4\source.cpp(140): warning C4566: символ, представленный универсальным именем символа "\u0437", невозможно представить в текущей кодовой странице (1252)
c:\users\sashk\source\repos\lab4\lab4\source.cpp(140): warning C4566: символ, представленный универсальным именем символа "\u044D", невозможно представить в текущей кодовой странице (1252)
c:\users\sashk\source\repos\lab4\lab4\source.cpp(140): warning C4566: символ, представленный универсальным именем символа "\u043B", невозможно представить в текущей кодовой странице (1252)
c:\users\sashk\source\repos\lab4\lab4\source.cpp(140): warning C4566: символ, представленный универсальным именем символа "\u0435", невозможно представить в текущей кодовой странице (1252)
c:\users\sashk\source\repos\lab4\lab4\source.cpp(140): warning C4566: символ, представленный универсальным именем символа "\u043C", невозможно представить в текущей кодовой странице (1252)
c:\users\sashk\source\repos\lab4\lab4\source.cpp(140): warning C4566: символ, представленный универсальным именем символа "\u043D", невозможно представить в текущей кодовой странице (1252)
c:\users\sashk\source\repos\lab4\lab4\source.cpp(140): warning C4566: символ, представленный универсальным именем символа "\u0442", невозможно представить в текущей кодовой странице (1252)
c:\users\sashk\source\repos\lab4\lab4\source.cpp(140): warning C4566: символ, представленный универсальным именем символа "\u043E", невозможно представить в текущей кодовой странице (1252)
c:\users\sashk\source\repos\lab4\lab4\source.cpp(140): warning C4566: символ, представленный универсальным именем символа "\u043A", невозможно представить в текущей кодовой странице (1252)
c:\users\sashk\source\repos\lab4\lab4\source.cpp(145): warning C4566: символ, представленный универсальным именем символа "\u041C", невозможно представить в текущей кодовой странице (1252)
c:\users\sashk\source\repos\lab4\lab4\source.cpp(145): warning C4566: символ, представленный универсальным именем символа "\u0430", невозможно представить в текущей кодовой странице (1252)
c:\users\sashk\source\repos\lab4\lab4\source.cpp(145): warning C4566: символ, представленный универсальным именем символа "\u0441", невозможно представить в текущей кодовой странице (1252)
c:\users\sashk\source\repos\lab4\lab4\source.cpp(145): warning C4566: символ, представленный универсальным именем символа "\u0438", невозможно представить в текущей кодовой странице (1252)
c:\users\sashk\source\repos\lab4\lab4\source.cpp(145): warning C4566: символ, представленный универсальным именем символа "\u0432", невозможно представить в текущей кодовой странице (1252)
c:\users\sashk\source\repos\lab4\lab4\source.cpp(145): warning C4566: символ, представленный универсальным именем символа "\u0437", невозможно представить в текущей кодовой странице (1252)
c:\users\sashk\source\repos\lab4\lab4\source.cpp(145): warning C4566: символ, представленный универсальным именем символа "\u044D", невозможно представить в текущей кодовой странице (1252)
c:\users\sashk\source\repos\lab4\lab4\source.cpp(145): warning C4566: символ, представленный универсальным именем символа "\u043B", невозможно представить в текущей кодовой странице (1252)
c:\users\sashk\source\repos\lab4\lab4\source.cpp(145): warning C4566: символ, представленный универсальным именем символа "\u0435", невозможно представить в текущей кодовой странице (1252)
c:\users\sashk\source\repos\lab4\lab4\source.cpp(145): warning C4566: символ, представленный универсальным именем символа "\u043C", невозможно представить в текущей кодовой странице (1252)
c:\users\sashk\source\repos\lab4\lab4\source.cpp(145): warning C4566: символ, представленный универсальным именем символа "\u043D", невозможно представить в текущей кодовой странице (1252)
c:\users\sashk\source\repos\lab4\lab4\source.cpp(145): warning C4566: символ, представленный универсальным именем символа "\u0442", невозможно представить в текущей кодовой странице (1252)
c:\users\sashk\source\repos\lab4\lab4\source.cpp(145): warning C4566: символ, представленный универсальным именем символа "\u043E", невозможно представить в текущей кодовой странице (1252)
c:\users\sashk\source\repos\lab4\lab4\source.cpp(145): warning C4566: символ, представленный универсальным именем символа "\u0434", невозможно представить в текущей кодовой странице (1252)
c:\users\sashk\source\repos\lab4\lab4\source.cpp(145): warning C4566: символ, представленный универсальным именем символа "\u0447", невозможно представить в текущей кодовой странице (1252)
c:\users\sashk\source\repos\lab4\lab4\source.cpp(145): warning C4566: символ, представленный универсальным именем символа "\u043A", невозможно представить в текущей кодовой странице (1252)
c:\users\sashk\source\repos\lab4\lab4\source.cpp(145): warning C4566: символ, представленный универсальным именем символа "\u0439", невозможно представить в текущей кодовой странице (1252)
c:\users\sashk\source\repos\lab4\lab4\source.cpp(145): warning C4566: символ, представленный универсальным именем символа "\u043F", невозможно представить в текущей кодовой странице (1252)
c:\users\sashk\source\repos\lab4\lab4\source.cpp(145): warning C4566: символ, представленный универсальным именем символа "\u044F", невозможно представить в текущей кодовой странице (1252)
c:\users\sashk\source\repos\lab4\lab4\source.cpp(151): warning C4566: символ, представленный универсальным именем символа "\u041D", невозможно представить в текущей кодовой странице (1252)
c:\users\sashk\source\repos\lab4\lab4\source.cpp(151): warning C4566: символ, представленный универсальным именем символа "\u0435", невозможно представить в текущей кодовой странице (1252)
c:\users\sashk\source\repos\lab4\lab4\source.cpp(151): warning C4566: символ, представленный универсальным именем символа "\u043F", невозможно представить в текущей кодовой странице (1252)
c:\users\sashk\source\repos\lab4\lab4\source.cpp(151): warning C4566: символ, представленный универсальным именем символа "\u0440", невозможно представить в текущей кодовой странице (1252)
c:\users\sashk\source\repos\lab4\lab4\source.cpp(151): warning C4566: символ, представленный универсальным именем символа "\u0430", невозможно представить в текущей кодовой странице (1252)
c:\users\sashk\source\repos\lab4\lab4\source.cpp(151): warning C4566: символ, представленный универсальным именем символа "\u0432", невозможно представить в текущей кодовой странице (1252)
c:\users\sashk\source\repos\lab4\lab4\source.cpp(151): warning C4566: символ, представленный универсальным именем символа "\u0438", невозможно представить в текущей кодовой странице (1252)
c:\users\sashk\source\repos\lab4\lab4\source.cpp(151): warning C4566: символ, представленный универсальным именем символа "\u043B", невозможно представить в текущей кодовой странице (1252)
c:\users\sashk\source\repos\lab4\lab4\source.cpp(151): warning C4566: символ, представленный универсальным именем символа "\u044C", невозможно представить в текущей кодовой странице (1252)
c:\users\sashk\source\repos\lab4\lab4\source.cpp(151): warning C4566: символ, представленный универсальным именем символа "\u043D", невозможно представить в текущей кодовой странице (1252)
c:\users\sashk\source\repos\lab4\lab4\source.cpp(151): warning C4566: символ, представленный универсальным именем символа "\u044B", невозможно представить в текущей кодовой странице (1252)
c:\users\sashk\source\repos\lab4\lab4\source.cpp(151): warning C4566: символ, представленный универсальным именем символа "\u0439", невозможно представить в текущей кодовой странице (1252)
c:\users\sashk\source\repos\lab4\lab4\source.cpp(151): warning C4566: символ, представленный универсальным именем символа "\u043E", невозможно представить в текущей кодовой странице (1252)
c:\users\sashk\source\repos\lab4\lab4\source.cpp(151): warning C4566: символ, представленный универсальным именем символа "\u0434", невозможно представить в текущей кодовой странице (1252)
c:\users\sashk\source\repos\lab4\lab4\source.cpp(66): fatal error C1075: "{": не найдена несоответствующая лексема
